<?xml version="1.0" encoding="UTF-8"?>
<!-- Generated by org.testng.reporters.JUnitReportReporter -->
<testsuite name="com.selenium.tests.AddToCartTests" tests="2" time="68.468" ignored="0" failures="0" timestamp="26 Nov 2017 08:37:52 GMT" skipped="0" hostname="L75305803" errors="0">
  <testcase name="VerifyProductAddedToCartTest" time="22.977" classname="com.selenium.tests.AddToCartTests"/>
  <testcase name="VerifyProductAddedToCartTest" time="45.491" classname="com.selenium.tests.AddToCartTests"/>
</testsuite> <!-- com.selenium.tests.AddToCartTests -->
